TN:
SF:/home/jnorgard/thuja2/thuja/demos/src/tab_demo.adb
FN:102,108,tab_demo__img_f1.291
FN:110,116,tab_demo__pad.225
FN:121,127,tab_demo__create_chrome.215
FN:132,215,tab_demo__update_chrome.328
FN:145,154,tab_demo__update_chrome__help_text.329
FN:17,963,_ada_tab_demo
FN:219,258,tab_demo__create_boxes.216
FN:263,341,tab_demo__create_htop_entities.224
FN:271,277,tab_demo__create_htop_entities__add_text.227
FN:346,492,tab_demo__update_htop_stats.290
FN:497,526,tab_demo__reflow_from.282
FN:528,562,tab_demo__reflow_up_from.277
FN:564,570,tab_demo__clamp_col.264
FN:575,630,tab_demo__build_editor_text.250
FN:577,589,tab_demo__build_editor_text__num_gutter.251
FN:591,596,tab_demo__build_editor_text__tilde_gutter.252
FN:632,640,tab_demo__ed_status_text.256
FN:645,668,tab_demo__create_editor_entities.249
FN:673,697,tab_demo__update_editor_display.318
FN:702,710,tab_demo__render.336
FN:96,100,tab_demo__img.226
FNDA:0,tab_demo__img_f1.291
FNDA:4,tab_demo__pad.225
FNDA:1,tab_demo__create_chrome.215
FNDA:1,tab_demo__update_chrome.328
FNDA:1,tab_demo__update_chrome__help_text.329
FNDA:1,_ada_tab_demo
FNDA:1,tab_demo__create_boxes.216
FNDA:1,tab_demo__create_htop_entities.224
FNDA:21,tab_demo__create_htop_entities__add_text.227
FNDA:0,tab_demo__update_htop_stats.290
FNDA:0,tab_demo__reflow_from.282
FNDA:0,tab_demo__reflow_up_from.277
FNDA:0,tab_demo__clamp_col.264
FNDA:1,tab_demo__build_editor_text.250
FNDA:1,tab_demo__build_editor_text__num_gutter.251
FNDA:45,tab_demo__build_editor_text__tilde_gutter.252
FNDA:1,tab_demo__ed_status_text.256
FNDA:1,tab_demo__create_editor_entities.249
FNDA:0,tab_demo__update_editor_display.318
FNDA:1,tab_demo__render.336
FNDA:34,tab_demo__img.226
FNF:21
FNH:15
DA:17,1
DA:33,1
DA:81,1
DA:82,1
DA:83,1
DA:84,1
DA:91,1
DA:96,34
DA:97,34
DA:99,34
DA:100,34
DA:102,0
DA:103,0
DA:104,0
DA:105,0
DA:107,0
DA:108,0
DA:110,4
DA:111,4
DA:112,4
DA:114,4
DA:115,4
DA:116,4
DA:121,1
DA:122,1
DA:124,1
DA:125,1
DA:126,1
DA:127,1
DA:132,1
DA:133,1
DA:134,1
DA:145,1
DA:147,1
DA:148,0
DA:151,1
DA:157,1
DA:159,1
DA:161,1
DA:162,1
DA:163,2
DA:165,1
DA:166,1
DA:167,1
DA:168,1
DA:170,1
DA:172,1
DA:173,1
DA:174,2
DA:175,1
DA:177,1
DA:178,4
DA:180,3
DA:181,3
DA:182,3
DA:183,3
DA:184,3
DA:185,3
DA:188,3
DA:189,3
DA:190,3
DA:191,3
DA:192,1
DA:193,1
DA:195,1
DA:197,1
DA:198,1
DA:199,2
DA:201,81
DA:202,80
DA:210,80
DA:211,1
DA:212,1
DA:214,1
DA:215,1
DA:219,1
DA:220,1
DA:221,1
DA:222,1
DA:223,1
DA:227,11
DA:229,10
DA:230,19
DA:231,9
DA:234,10
DA:235,10
DA:237,10
DA:238,10
DA:239,20
DA:241,10
DA:242,10
DA:243,10
DA:245,10
DA:246,10
DA:247,10
DA:248,10
DA:249,10
DA:250,10
DA:252,10
DA:253,10
DA:255,10
DA:256,10
DA:257,10
DA:258,1
DA:263,1
DA:264,1
DA:265,1
DA:266,1
DA:267,1
DA:268,1
DA:269,1
DA:271,21
DA:273,21
DA:274,21
DA:275,21
DA:276,21
DA:277,21
DA:279,1
DA:281,1
DA:282,8
DA:283,8
DA:284,8
DA:286,8
DA:287,8
DA:288,8
DA:289,8
DA:290,8
DA:291,8
DA:292,8
DA:293,7
DA:295,1
DA:297,1
DA:298,1
DA:299,1
DA:300,1
DA:302,1
DA:303,1
DA:304,1
DA:305,1
DA:306,1
DA:308,1
DA:309,1
DA:310,1
DA:311,1
DA:312,1
DA:314,1
DA:315,1
DA:316,1
DA:317,1
DA:319,1
DA:320,1
DA:321,1
DA:322,1
DA:323,1
DA:325,1
DA:326,1
DA:327,2
DA:328,1
DA:330,11
DA:331,10
DA:332,10
DA:333,10
DA:334,10
DA:335,10
DA:338,1
DA:340,1
DA:341,1
DA:346,0
DA:347,0
DA:348,0
DA:349,0
DA:350,0
DA:352,0
DA:353,0
DA:358,0
DA:359,0
DA:361,0
DA:363,0
DA:364,0
DA:365,0
DA:366,0
DA:367,0
DA:369,0
DA:371,0
DA:372,0
DA:373,0
DA:374,0
DA:375,0
DA:376,0
DA:378,0
DA:380,0
DA:383,0
DA:384,0
DA:385,0
DA:386,0
DA:387,0
DA:388,0
DA:389,0
DA:391,0
DA:392,0
DA:393,0
DA:394,0
DA:395,0
DA:396,0
DA:397,0
DA:398,0
DA:401,0
DA:402,0
DA:403,0
DA:404,0
DA:405,0
DA:406,0
DA:407,0
DA:408,0
DA:409,0
DA:412,0
DA:413,0
DA:414,0
DA:415,0
DA:416,0
DA:417,0
DA:418,0
DA:419,0
DA:420,0
DA:422,0
DA:424,0
DA:426,0
DA:428,0
DA:429,0
DA:430,0
DA:431,0
DA:432,0
DA:433,0
DA:434,0
DA:435,0
DA:438,0
DA:439,0
DA:440,0
DA:441,0
DA:442,0
DA:443,0
DA:444,0
DA:445,0
DA:446,0
DA:448,0
DA:450,0
DA:451,0
DA:452,0
DA:453,0
DA:454,0
DA:455,0
DA:456,0
DA:457,0
DA:458,0
DA:459,0
DA:460,0
DA:461,0
DA:462,0
DA:463,0
DA:464,0
DA:466,0
DA:467,0
DA:468,0
DA:469,0
DA:471,0
DA:472,0
DA:473,0
DA:474,0
DA:475,0
DA:476,0
DA:477,0
DA:478,0
DA:479,0
DA:480,0
DA:481,0
DA:483,0
DA:485,0
DA:487,0
DA:489,0
DA:491,0
DA:492,0
DA:497,0
DA:498,0
DA:501,0
DA:503,0
DA:505,0
DA:506,0
DA:507,0
DA:508,0
DA:509,0
DA:510,0
DA:512,0
DA:513,0
DA:514,0
DA:517,0
DA:519,0
DA:520,0
DA:522,0
DA:523,0
DA:524,0
DA:526,0
DA:528,0
DA:529,0
DA:532,0
DA:534,0
DA:535,0
DA:536,0
DA:538,0
DA:539,0
DA:540,0
DA:541,0
DA:542,0
DA:543,0
DA:544,0
DA:545,0
DA:546,0
DA:548,0
DA:549,0
DA:550,0
DA:551,0
DA:552,0
DA:555,0
DA:556,0
DA:558,0
DA:559,0
DA:560,0
DA:562,0
DA:564,0
DA:565,0
DA:567,0
DA:570,0
DA:575,1
DA:577,1
DA:578,1
DA:579,1
DA:580,1
DA:582,1
DA:583,0
DA:585,1
DA:586,1
DA:588,1
DA:589,1
DA:591,45
DA:592,45
DA:594,45
DA:595,45
DA:596,45
DA:598,1
DA:600,1
DA:601,1
DA:602,1
DA:603,1
DA:604,1
DA:605,1
DA:607,1
DA:608,1
DA:610,1
DA:611,0
DA:612,0
DA:614,0
DA:616,0
DA:617,0
DA:618,1
DA:619,1
DA:621,1
DA:622,1
DA:623,1
DA:625,47
DA:626,45
DA:627,45
DA:628,45
DA:629,1
DA:630,1
DA:632,1
DA:634,1
DA:636,1
DA:638,0
DA:645,1
DA:646,1
DA:647,1
DA:648,1
DA:653,1
DA:655,1
DA:656,1
DA:657,1
DA:658,1
DA:659,1
DA:660,1
DA:662,1
DA:663,1
DA:664,1
DA:665,1
DA:666,1
DA:667,1
DA:668,1
DA:673,0
DA:674,0
DA:675,0
DA:676,0
DA:678,0
DA:680,0
DA:681,0
DA:682,0
DA:683,0
DA:684,0
DA:685,0
DA:688,0
DA:689,0
DA:690,0
DA:691,0
DA:692,0
DA:693,0
DA:696,0
DA:697,0
DA:702,1
DA:704,1
DA:705,1
DA:706,1
DA:707,1
DA:708,1
DA:709,1
DA:710,1
DA:715,1
DA:716,1
DA:717,1
DA:720,1
DA:722,1
DA:724,1
DA:725,1
DA:726,1
DA:727,1
DA:728,1
DA:730,1
DA:731,1
DA:732,1
DA:733,1
DA:735,1
DA:737,639
DA:741,638
DA:742,638
DA:743,637
DA:745,1
DA:746,0
DA:748,0
DA:749,0
DA:751,0
DA:753,0
DA:754,0
DA:755,0
DA:756,0
DA:758,1
DA:759,0
DA:760,0
DA:761,0
DA:762,0
DA:763,0
DA:764,0
DA:765,0
DA:766,0
DA:767,0
DA:768,0
DA:769,0
DA:770,0
DA:771,0
DA:773,0
DA:774,0
DA:775,0
DA:776,0
DA:777,0
DA:778,0
DA:779,0
DA:780,0
DA:782,0
DA:784,0
DA:785,0
DA:787,0
DA:788,0
DA:789,0
DA:790,0
DA:792,0
DA:793,0
DA:794,0
DA:795,0
DA:796,0
DA:798,0
DA:800,0
DA:801,0
DA:802,0
DA:805,0
DA:806,0
DA:807,0
DA:811,0
DA:812,0
DA:813,0
DA:814,0
DA:815,0
DA:817,0
DA:819,0
DA:820,0
DA:822,0
DA:823,0
DA:824,0
DA:825,0
DA:826,0
DA:827,0
DA:828,0
DA:829,0
DA:830,0
DA:831,0
DA:832,0
DA:833,0
DA:834,0
DA:835,0
DA:836,0
DA:838,0
DA:839,0
DA:840,0
DA:841,0
DA:842,0
DA:843,0
DA:844,0
DA:845,0
DA:847,0
DA:849,0
DA:850,0
DA:852,0
DA:853,0
DA:854,0
DA:855,0
DA:857,0
DA:858,0
DA:859,0
DA:860,0
DA:861,0
DA:863,0
DA:865,0
DA:866,0
DA:867,0
DA:870,0
DA:871,0
DA:872,0
DA:876,0
DA:878,0
DA:880,0
DA:885,0
DA:886,0
DA:887,0
DA:888,0
DA:889,0
DA:890,0
DA:891,0
DA:893,0
DA:894,0
DA:895,0
DA:896,0
DA:897,0
DA:899,0
DA:900,0
DA:901,0
DA:903,0
DA:904,0
DA:905,0
DA:906,0
DA:908,0
DA:910,0
DA:911,0
DA:913,0
DA:914,0
DA:915,0
DA:916,0
DA:918,0
DA:919,0
DA:920,0
DA:922,0
DA:924,0
DA:929,1
DA:930,0
DA:934,0
DA:935,0
DA:940,638
DA:941,0
DA:942,0
DA:945,638
DA:946,0
DA:947,0
DA:950,638
DA:951,0
DA:952,0
DA:953,0
DA:956,638
DA:959,1
DA:960,1
DA:961,1
DA:963,1
LF:594
LH:255
end_of_record
TN:
SF:/home/jnorgard/thuja2/thuja/src/components.ads
FN:11,180,components___elabs
FNDA:1,components___elabs
FNF:1
FNH:1
DA:11,1
DA:21,1
DA:22,1
DA:26,1
DA:46,1
DA:63,1
DA:68,1
DA:87,1
DA:105,1
DA:110,1
DA:120,1
DA:135,1
DA:152,1
DA:164,1
DA:172,1
DA:176,1
DA:180,1
LF:17
LH:17
end_of_record
TN:
SF:/home/jnorgard/thuja2/thuja/src/ecs.adb
FN:101,113,ecs__get_component_id
FN:1088,1114,ecs__doublebufferflagsystem
FN:1120,1235,ecs__selectionsystem
FN:115,129,ecs__get_component_ids
FN:1241,1268,ecs__move_widget
FN:1270,1300,ecs__move_widget_by
FN:1304,1518,ecs__calendardisplaysystem
FN:131,137,ecs__get_component_ptr
FN:139,144,ecs__get_component_ptr__2
FN:146,151,ecs__get_component_ptr__3
FN:1524,1539,ecs__get_active_tab
FN:153,157,ecs__has_component
FN:1545,1603,ecs__initialize_world
FN:159,163,ecs__has_component__2
FN:1608,1633,ecs__resetbackbuffersystem
FN:1641,1756,ecs__tabswitchsystem
FN:165,176,ecs__has_component__3
FN:1759,1819,ecs__tabinitsystem
FN:1826,1847,ecs__make_widget_with_bg
FN:214,229,ecs__add_entity
FN:232,256,ecs__make_widget
FN:25,28,ecs__hash_component
FN:259,287,ecs__remove_entity
FN:289,298,ecs__get_entity_components
FN:30,33,ecs__hash_entity
FN:300,330,ecs__get_entities_matching
FN:332,362,ecs__get_entities_matching__2
FN:368,397,ecs__terminalresizesystem
FN:39,44,ecs__add_component
FN:403,425,ecs__mark_all_flex_dirty
FN:431,523,ecs__flexlayoutsystem
FN:46,51,ecs__add_component__2
FN:529,576,ecs__widgetbackgroundsystem
FN:53,57,ecs__remove_component
FN:582,688,ecs__textrendersystem
FN:59,63,ecs__remove_component__2
FN:65,70,ecs__remove_component__3
FN:694,836,ecs__progressbarrendersystem
FN:72,77,ecs__get_component
FN:79,84,ecs__get_component__2
FN:842,932,ecs__buffercopysystem
FN:845,888,ecs__buffercopysystem__recursivebuffercopy.216
FN:86,99,ecs__get_component__3
FN:945,1082,ecs__bufferdrawsystem
FNDA:241,ecs__get_component_id
FNDA:1,ecs__doublebufferflagsystem
FNDA:0,ecs__selectionsystem
FNDA:0,ecs__get_component_ids
FNDA:0,ecs__move_widget
FNDA:0,ecs__move_widget_by
FNDA:0,ecs__calendardisplaysystem
FNDA:241,ecs__get_component_ptr
FNDA:0,ecs__get_component_ptr__2
FNDA:241,ecs__get_component_ptr__3
FNDA:1278,ecs__get_active_tab
FNDA:0,ecs__has_component
FNDA:1,ecs__initialize_world
FNDA:0,ecs__has_component__2
FNDA:1,ecs__resetbackbuffersystem
FNDA:0,ecs__tabswitchsystem
FNDA:1980,ecs__has_component__3
FNDA:1,ecs__tabinitsystem
FNDA:44,ecs__make_widget_with_bg
FNDA:49,ecs__add_entity
FNDA:47,ecs__make_widget
FNDA:0,ecs__hash_component
FNDA:0,ecs__remove_entity
FNDA:1483,ecs__get_entity_components
FNDA:0,ecs__hash_entity
FNDA:0,ecs__get_entities_matching
FNDA:9,ecs__get_entities_matching__2
FNDA:0,ecs__terminalresizesystem
FNDA:111,ecs__add_component
FNDA:0,ecs__mark_all_flex_dirty
FNDA:0,ecs__flexlayoutsystem
FNDA:0,ecs__add_component__2
FNDA:1,ecs__widgetbackgroundsystem
FNDA:0,ecs__remove_component
FNDA:1,ecs__textrendersystem
FNDA:0,ecs__remove_component__2
FNDA:0,ecs__remove_component__3
FNDA:1,ecs__progressbarrendersystem
FNDA:14,ecs__get_component
FNDA:0,ecs__get_component__2
FNDA:1,ecs__buffercopysystem
FNDA:14,ecs__buffercopysystem__recursivebuffercopy.216
FNDA:1289,ecs__get_component__3
FNDA:1,ecs__bufferdrawsystem
FNF:44
FNH:23
DA:25,0
DA:27,7626
DA:30,0
DA:32,5181
DA:39,111
DA:43,208
DA:44,97
DA:46,0
DA:50,0
DA:51,0
DA:53,0
DA:56,0
DA:57,0
DA:59,0
DA:62,0
DA:63,0
DA:65,0
DA:67,0
DA:70,0
DA:72,14
DA:76,14
DA:79,0
DA:83,0
DA:86,1289
DA:90,1289
DA:91,3867
DA:92,1289
DA:94,1289
DA:95,1289
DA:98,0
DA:101,241
DA:105,964
DA:106,2169
DA:107,723
DA:109,482
DA:112,0
DA:113,241
DA:115,0
DA:118,0
DA:120,0
DA:121,0
DA:122,0
DA:124,0
DA:128,0
DA:129,0
DA:131,241
DA:134,241
DA:136,241
DA:139,0
DA:143,0
DA:146,241
DA:150,241
DA:153,0
DA:156,0
DA:159,0
DA:162,0
DA:165,1980
DA:168,5634
DA:169,10962
DA:170,3654
DA:171,7308
DA:175,314
DA:176,1980
DA:214,49
DA:218,49
DA:220,49
DA:221,0
DA:223,49
DA:224,49
DA:227,49
DA:228,49
DA:232,47
DA:243,47
DA:244,47
DA:246,47
DA:247,47
DA:248,47
DA:249,47
DA:250,47
DA:251,47
DA:253,94
DA:255,47
DA:256,47
DA:259,0
DA:262,0
DA:263,0
DA:264,0
DA:266,0
DA:267,0
DA:268,0
DA:271,0
DA:272,0
DA:273,0
DA:274,0
DA:276,0
DA:277,0
DA:279,0
DA:280,0
DA:284,0
DA:286,0
DA:287,0
DA:289,1483
DA:293,1483
DA:294,1483
DA:300,0
DA:304,0
DA:305,0
DA:308,0
DA:310,0
DA:312,0
DA:313,0
DA:314,0
DA:315,0
DA:316,0
DA:324,0
DA:325,0
DA:329,0
DA:330,0
DA:332,9
DA:336,9
DA:337,18
DA:340,900
DA:342,882
DA:344,1751
DA:345,586
DA:346,586
DA:348,586
DA:356,441
DA:357,138
DA:361,9
DA:362,9
DA:368,0
DA:370,0
DA:371,0
DA:375,0
DA:377,0
DA:378,0
DA:380,0
DA:381,0
DA:383,0
DA:384,0
DA:386,0
DA:387,0
DA:389,0
DA:391,0
DA:392,0
DA:396,0
DA:397,0
DA:403,0
DA:404,0
DA:405,0
DA:406,0
DA:410,0
DA:412,0
DA:413,0
DA:415,0
DA:416,0
DA:418,0
DA:419,0
DA:422,0
DA:425,0
DA:431,0
DA:433,0
DA:434,0
DA:436,0
DA:441,0
DA:443,0
DA:449,0
DA:450,0
DA:452,0
DA:453,0
DA:455,0
DA:456,0
DA:457,0
DA:458,0
DA:461,0
DA:462,0
DA:464,0
DA:465,0
DA:466,0
DA:469,0
DA:470,0
DA:472,0
DA:473,0
DA:475,0
DA:476,0
DA:480,0
DA:481,0
DA:482,0
DA:485,0
DA:492,0
DA:493,0
DA:496,0
DA:497,0
DA:498,0
DA:501,0
DA:502,0
DA:504,0
DA:505,0
DA:506,0
DA:508,0
DA:509,0
DA:512,0
DA:513,0
DA:522,0
DA:523,0
DA:529,1
DA:531,2
DA:532,1
DA:534,1
DA:537,1
DA:540,1
DA:541,2
DA:543,46
DA:544,45
DA:546,45
DA:547,45
DA:548,45
DA:549,45
DA:551,45
DA:553,2133
DA:554,12056
DA:555,9968
DA:556,9968
DA:557,9968
DA:558,9968
DA:563,45
DA:564,1
DA:566,1
DA:568,1
DA:569,1
DA:575,1
DA:576,1
DA:582,1
DA:584,2
DA:585,1
DA:587,1
DA:591,1
DA:593,1
DA:596,1
DA:597,2
DA:599,34
DA:600,33
DA:603,33
DA:604,33
DA:606,33
DA:607,33
DA:609,33
DA:611,33
DA:612,33
DA:614,438
DA:615,406
DA:616,406
DA:619,0
DA:620,0
DA:622,0
DA:623,0
DA:627,0
DA:629,0
DA:630,0
DA:633,0
DA:634,0
DA:635,0
DA:636,0
DA:638,0
DA:639,0
DA:641,0
DA:646,406
DA:648,46
DA:650,3541
DA:651,3495
DA:652,3495
DA:653,3495
DA:655,3495
DA:656,3495
DA:658,3495
DA:664,360
DA:665,360
DA:666,360
DA:668,360
DA:669,360
DA:670,360
DA:671,360
DA:673,360
DA:676,406
DA:677,46
DA:678,46
DA:680,360
DA:682,406
DA:687,1
DA:688,1
DA:694,1
DA:696,2
DA:697,1
DA:699,1
DA:701,1
DA:702,1
DA:712,1
DA:713,2
DA:715,12
DA:716,11
DA:719,11
DA:720,11
DA:721,11
DA:722,11
DA:725,11
DA:726,11
DA:727,22
DA:728,11
DA:731,11
DA:732,11
DA:733,11
DA:738,0
DA:739,0
DA:745,11
DA:746,11
DA:750,11
DA:751,11
DA:755,11
DA:756,11
DA:758,11
DA:759,11
DA:760,0
DA:761,0
DA:763,0
DA:765,0
DA:768,671
DA:769,660
DA:770,660
DA:772,660
DA:773,660
DA:776,660
DA:777,11
DA:778,11
DA:779,649
DA:781,11
DA:782,638
DA:784,44
DA:786,44
DA:787,44
DA:792,44
DA:793,594
DA:794,0
DA:795,0
DA:796,594
DA:797,11
DA:798,11
DA:799,583
DA:803,583
DA:804,0
DA:805,0
DA:807,583
DA:808,583
DA:813,0
DA:816,660
DA:817,660
DA:820,11
DA:821,0
DA:822,0
DA:823,0
DA:824,0
DA:825,0
DA:826,0
DA:828,0
DA:835,1
DA:836,1
DA:842,1
DA:843,1
DA:845,14
DA:852,14
DA:853,14
DA:854,14
DA:855,14
DA:857,454
DA:858,5160
DA:859,4720
DA:860,4720
DA:862,4720
DA:863,4720
DA:864,4720
DA:865,4720
DA:869,4720
DA:872,4720
DA:877,27
DA:878,13
DA:879,13
DA:882,13
DA:883,13
DA:885,13
DA:888,14
DA:890,2
DA:891,1
DA:892,2
DA:893,1
DA:895,1
DA:896,1
DA:902,1
DA:903,2
DA:904,2
DA:906,2
DA:907,1
DA:909,1
DA:910,1
DA:912,1
DA:914,2
DA:915,1
DA:917,1
DA:918,1
DA:921,1
DA:922,1
DA:924,0
DA:931,1
DA:932,1
DA:945,1
DA:949,146
DA:950,33
DA:951,11
DA:952,11
DA:953,22
DA:954,255
DA:955,85
DA:956,85
DA:957,170
DA:958,46
DA:959,23
DA:960,2
DA:961,1
DA:962,2
DA:963,1
DA:964,2
DA:965,1
DA:966,150
DA:967,100
DA:970,2
DA:971,1
DA:972,1
DA:974,1
DA:980,1
DA:981,2
DA:984,2
DA:985,1
DA:989,1
DA:990,1
DA:991,1
DA:993,1
DA:995,1
DA:996,1
DA:1002,1
DA:1003,1
DA:1017,51
DA:1018,4050
DA:1019,4000
DA:1020,4000
DA:1022,4000
DA:1025,4000
DA:1026,3950
DA:1028,50
DA:1032,4000
DA:1033,11
DA:1034,11
DA:1036,4000
DA:1037,85
DA:1038,85
DA:1040,4000
DA:1041,23
DA:1042,23
DA:1044,4000
DA:1045,1
DA:1046,1
DA:1048,4000
DA:1049,1
DA:1050,1
DA:1052,4000
DA:1053,1
DA:1054,1
DA:1059,4000
DA:1065,4000
DA:1070,1
DA:1071,1
DA:1072,1
DA:1074,1
DA:1077,1
DA:1081,1
DA:1082,1
DA:1088,1
DA:1090,2
DA:1091,1
DA:1092,1
DA:1097,1
DA:1098,2
DA:1100,2
DA:1101,1
DA:1104,1
DA:1105,1
DA:1107,1
DA:1108,1
DA:1109,1
DA:1113,1
DA:1114,1
DA:1120,0
DA:1123,0
DA:1124,0
DA:1126,0
DA:1135,0
DA:1140,0
DA:1143,0
DA:1147,0
DA:1148,0
DA:1151,0
DA:1152,0
DA:1154,0
DA:1155,0
DA:1156,0
DA:1157,0
DA:1159,0
DA:1160,0
DA:1161,0
DA:1162,0
DA:1170,0
DA:1171,0
DA:1173,0
DA:1174,0
DA:1175,0
DA:1177,0
DA:1182,0
DA:1183,0
DA:1185,0
DA:1186,0
DA:1188,0
DA:1194,0
DA:1195,0
DA:1203,0
DA:1206,0
DA:1210,0
DA:1211,0
DA:1213,0
DA:1214,0
DA:1216,0
DA:1221,0
DA:1222,0
DA:1224,0
DA:1225,0
DA:1227,0
DA:1230,0
DA:1234,0
DA:1235,0
DA:1241,0
DA:1246,0
DA:1248,0
DA:1250,0
DA:1254,0
DA:1258,0
DA:1259,0
DA:1262,0
DA:1263,0
DA:1265,0
DA:1266,0
DA:1268,0
DA:1270,0
DA:1278,0
DA:1280,0
DA:1284,0
DA:1289,0
DA:1290,0
DA:1292,0
DA:1293,0
DA:1296,0
DA:1297,0
DA:1299,0
DA:1300,0
DA:1304,0
DA:1305,0
DA:1306,0
DA:1308,0
DA:1309,0
DA:1313,0
DA:1314,0
DA:1316,0
DA:1326,0
DA:1327,0
DA:1328,0
DA:1329,0
DA:1333,0
DA:1339,0
DA:1340,0
DA:1342,0
DA:1343,0
DA:1346,0
DA:1347,0
DA:1348,0
DA:1349,0
DA:1351,0
DA:1352,0
DA:1359,0
DA:1362,0
DA:1367,0
DA:1368,0
DA:1371,0
DA:1372,0
DA:1375,0
DA:1377,0
DA:1379,0
DA:1381,0
DA:1383,0
DA:1386,0
DA:1391,0
DA:1392,0
DA:1393,0
DA:1394,0
DA:1395,0
DA:1396,0
DA:1402,0
DA:1403,0
DA:1404,0
DA:1406,0
DA:1412,0
DA:1415,0
DA:1416,0
DA:1419,0
DA:1423,0
DA:1424,0
DA:1426,0
DA:1427,0
DA:1429,0
DA:1435,0
DA:1439,0
DA:1443,0
DA:1445,0
DA:1447,0
DA:1448,0
DA:1449,0
DA:1450,0
DA:1451,0
DA:1454,0
DA:1455,0
DA:1457,0
DA:1459,0
DA:1462,0
DA:1466,0
DA:1468,0
DA:1469,0
DA:1473,0
DA:1474,0
DA:1475,0
DA:1476,0
DA:1477,0
DA:1479,0
DA:1480,0
DA:1486,0
DA:1487,0
DA:1488,0
DA:1489,0
DA:1492,0
DA:1494,0
DA:1496,0
DA:1497,0
DA:1498,0
DA:1501,0
DA:1502,0
DA:1503,0
DA:1504,0
DA:1506,0
DA:1508,0
DA:1511,0
DA:1517,0
DA:1518,0
DA:1524,1278
DA:1529,1278
DA:1530,1278
DA:1531,1278
DA:1532,2556
DA:1533,1278
DA:1537,1278
DA:1538,1278
DA:1545,1
DA:1552,1
DA:1553,1
DA:1554,1
DA:1555,1
DA:1558,1
DA:1559,1
DA:1560,1
DA:1561,1
DA:1562,1
DA:1563,1
DA:1564,1
DA:1565,1
DA:1566,1
DA:1567,81
DA:1568,4080
DA:1569,4000
DA:1579,2
DA:1582,1
DA:1583,1
DA:1584,1
DA:1585,1
DA:1586,1
DA:1587,1
DA:1588,2
DA:1589,2
DA:1590,1
DA:1591,2
DA:1594,1
DA:1596,1
DA:1599,1
DA:1600,2
DA:1601,1
DA:1603,1
DA:1608,1
DA:1611,1
DA:1613,1
DA:1614,1
DA:1615,1
DA:1616,2
DA:1617,1
DA:1618,81
DA:1619,4080
DA:1620,4000
DA:1630,2
DA:1632,1
DA:1633,1
DA:1641,0
DA:1649,0
DA:1652,0
DA:1653,0
DA:1657,0
DA:1660,0
DA:1663,0
DA:1666,0
DA:1671,0
DA:1672,0
DA:1675,0
DA:1677,0
DA:1678,0
DA:1679,0
DA:1682,0
DA:1683,0
DA:1684,0
DA:1691,0
DA:1692,0
DA:1693,0
DA:1695,0
DA:1696,0
DA:1699,0
DA:1700,0
DA:1702,0
DA:1706,0
DA:1714,0
DA:1715,0
DA:1716,0
DA:1718,0
DA:1720,0
DA:1721,0
DA:1722,0
DA:1723,0
DA:1724,0
DA:1726,0
DA:1728,0
DA:1733,0
DA:1735,0
DA:1736,0
DA:1739,0
DA:1740,0
DA:1743,0
DA:1744,0
DA:1749,0
DA:1755,0
DA:1756,0
DA:1759,1
DA:1763,1
DA:1764,2
DA:1765,1
DA:1767,1
DA:1768,2
DA:1769,2
DA:1770,1
DA:1772,1
DA:1773,1
DA:1775,1
DA:1776,1
DA:1777,1
DA:1778,1
DA:1779,1
DA:1780,2
DA:1781,1
DA:1782,1
DA:1785,1
DA:1786,100
DA:1787,49
DA:1788,49
DA:1790,49
DA:1792,49
DA:1793,49
DA:1794,48
DA:1795,4
DA:1796,3
DA:1798,3
DA:1800,49
DA:1802,2
DA:1803,45
DA:1804,44
DA:1806,44
DA:1807,44
DA:1809,44
DA:1810,10
DA:1814,1
DA:1818,1
DA:1819,1
DA:1826,44
DA:1836,44
DA:1837,44
DA:1841,44
DA:1842,88
DA:1846,44
DA:1847,44
LF:815
LH:428
end_of_record
TN:
SF:/home/jnorgard/thuja2/thuja/src/ecs.ads
FN:13,203,ecs___elabs
FNDA:1,ecs___elabs
FNF:1
FNH:1
DA:13,1
DA:28,1
DA:33,1
DA:105,1
DA:203,1
LF:5
LH:5
end_of_record
TN:
SF:/home/jnorgard/thuja2/thuja/src/flexbox.adb
FN:3,156,flexbox__layout
FNDA:0,flexbox__layout
FNF:1
FNH:0
DA:3,0
DA:11,0
DA:18,0
DA:19,0
DA:20,0
DA:21,0
DA:27,0
DA:28,0
DA:30,0
DA:36,0
DA:37,0
DA:39,0
DA:40,0
DA:41,0
DA:43,0
DA:45,0
DA:46,0
DA:47,0
DA:51,0
DA:58,0
DA:59,0
DA:61,0
DA:62,0
DA:77,0
DA:78,0
DA:79,0
DA:80,0
DA:82,0
DA:83,0
DA:84,0
DA:89,0
DA:92,0
DA:93,0
DA:94,0
DA:96,0
DA:98,0
DA:101,0
DA:102,0
DA:105,0
DA:106,0
DA:108,0
DA:111,0
DA:113,0
DA:115,0
DA:118,0
DA:119,0
DA:122,0
DA:123,0
DA:125,0
DA:136,0
DA:139,0
DA:140,0
DA:144,0
DA:145,0
DA:148,0
DA:149,0
DA:150,0
DA:151,0
LF:58
LH:0
end_of_record
TN:
SF:/home/jnorgard/thuja2/thuja/src/flexbox.ads
FN:3,58,flexbox___elabs
FNDA:1,flexbox___elabs
FNF:1
FNH:1
DA:3,1
DA:36,1
DA:58,1
LF:3
LH:3
end_of_record
TN:
SF:/home/jnorgard/thuja2/thuja/src/graphics.adb
FN:100,103,graphics__restore_cursor_position
FN:109,123,graphics__clear_screen
FN:126,130,graphics__reset_styling
FN:132,155,graphics__write_to_buffer
FN:157,173,graphics__fill_row
FN:40,53,graphics__create_buffer
FN:56,64,graphics__set_buffer_pixel
FN:67,75,graphics__get_buffer_pixel
FN:82,86,graphics__hide_cursor
FN:89,93,graphics__show_cursor
FN:95,98,graphics__save_cursor_position
FNDA:0,graphics__restore_cursor_position
FNDA:2,graphics__clear_screen
FNDA:1,graphics__reset_styling
FNDA:4,graphics__write_to_buffer
FNDA:2,graphics__fill_row
FNDA:51,graphics__create_buffer
FNDA:31559,graphics__set_buffer_pixel
FNDA:31204,graphics__get_buffer_pixel
FNDA:0,graphics__hide_cursor
FNDA:0,graphics__show_cursor
FNDA:0,graphics__save_cursor_position
FNF:11
FNH:7
DA:40,51
DA:50,51
DA:52,51
DA:56,31559
DA:63,31559
DA:64,31559
DA:67,31204
DA:74,31204
DA:82,0
DA:84,0
DA:85,0
DA:86,0
DA:89,0
DA:91,0
DA:92,0
DA:93,0
DA:95,0
DA:97,0
DA:98,0
DA:100,0
DA:102,0
DA:103,0
DA:109,2
DA:114,2
DA:122,2
DA:123,2
DA:126,1
DA:129,1
DA:130,1
DA:132,4
DA:143,119
DA:144,115
DA:145,230
DA:146,115
DA:153,115
DA:155,4
DA:157,2
DA:163,2
DA:164,160
DA:165,160
DA:173,2
LF:41
LH:27
end_of_record
TN:
SF:/home/jnorgard/thuja2/thuja/src/graphics.ads
FN:1,142,graphics___elabs
FNDA:1,graphics___elabs
FNF:1
FNH:1
DA:1,1
DA:84,1
DA:142,1
LF:3
LH:3
end_of_record
TN:
SF:/home/jnorgard/thuja2/thuja/src/ids.adb
FN:4,7,ids__to_cid
FN:9,12,ids__to_eid
FNDA:222,ids__to_cid
FNDA:1332,ids__to_eid
FNF:2
FNH:2
DA:4,222
DA:6,222
DA:9,1332
DA:11,1332
LF:4
LH:4
end_of_record
TN:
SF:/home/jnorgard/thuja2/thuja/src/ids.ads
FN:7,30,ids___elabs
FNDA:1,ids___elabs
FNF:1
FNH:1
DA:7,1
DA:30,1
LF:2
LH:2
end_of_record
TN:
SF:/home/jnorgard/thuja2/thuja/src/input_handling.adb
FN:13,27,input_handling__dequeue
FN:3,138,input_handling___elabb
FN:52,88,input_handling__parse_input
FN:6,10,input_handling__enqueue
FNDA:638,input_handling__dequeue
FNDA:1,input_handling___elabb
FNDA:2,input_handling__parse_input
FNDA:0,input_handling__enqueue
FNF:4
FNH:3
DA:3,1
DA:6,0
DA:9,0
DA:10,0
DA:13,638
DA:16,638
DA:21,1
DA:24,1
DA:26,1
DA:27,638
DA:52,2
DA:66,2
DA:68,2
DA:72,0
DA:75,2
DA:81,2
DA:88,2
DA:91,1
DA:138,1
LF:19
LH:15
end_of_record
TN:
SF:/home/jnorgard/thuja2/thuja/src/input_handling.ads
FN:3,71,input_handling___elabs
FNDA:1,input_handling___elabs
FNF:1
FNH:1
DA:3,2
DA:49,1
DA:52,2
DA:71,1
LF:4
LH:4
end_of_record
TN:
SF:/home/jnorgard/thuja2/thuja/src/linux/system_stats_linux.c
FN:103,121,get_memory_stats
FN:123,130,get_memory_usage_percent
FN:132,153,get_memory_detailed
FN:159,168,get_disk_usage
FN:170,184,get_disk_space_gb
FN:186,190,get_disk_io
FN:192,195,get_network_io
FN:20,22,get_platform
FN:201,205,get_uptime_seconds
FN:207,221,get_load_average
FN:238,241,get_process_list
FN:243,245,kill_process
FN:247,249,free_process_list
FN:36,54,read_cpu_stats
FN:56,67,calc_usage
FN:69,71,get_num_cpu_cores
FN:73,92,get_cpu_usage
FNDA:0,get_memory_stats
FNDA:0,get_memory_usage_percent
FNDA:0,get_memory_detailed
FNDA:0,get_disk_usage
FNDA:0,get_disk_space_gb
FNDA:0,get_disk_io
FNDA:0,get_network_io
FNDA:0,get_platform
FNDA:0,get_uptime_seconds
FNDA:0,get_load_average
FNDA:0,get_process_list
FNDA:0,kill_process
FNDA:0,free_process_list
FNDA:1,read_cpu_stats
FNDA:0,calc_usage
FNDA:1,get_num_cpu_cores
FNDA:1,get_cpu_usage
FNF:17
FNH:3
DA:20,0
DA:21,0
DA:36,1
DA:37,1
DA:38,1
DA:43,21
DA:44,20
DA:45,8
DA:48,8
DA:49,8
DA:52,1
DA:53,1
DA:56,0
DA:57,0
DA:58,0
DA:59,0
DA:60,0
DA:62,0
DA:65,0
DA:66,0
DA:69,1
DA:70,1
DA:73,1
DA:75,1
DA:76,1
DA:78,1
DA:79,1
DA:80,1
DA:81,1
DA:82,9
DA:86,0
DA:87,0
DA:89,0
DA:90,0
DA:91,0
DA:103,0
DA:104,0
DA:105,0
DA:108,0
DA:110,0
DA:111,0
DA:112,0
DA:113,0
DA:114,0
DA:115,0
DA:116,0
DA:117,0
DA:119,0
DA:120,0
DA:123,0
DA:125,0
DA:126,0
DA:128,0
DA:129,0
DA:132,0
DA:136,0
DA:137,0
DA:138,0
DA:139,0
DA:142,0
DA:143,0
DA:144,0
DA:145,0
DA:146,0
DA:147,0
DA:148,0
DA:150,0
DA:151,0
DA:152,0
DA:159,0
DA:161,0
DA:163,0
DA:164,0
DA:166,0
DA:167,0
DA:170,0
DA:172,0
DA:173,0
DA:174,0
DA:175,0
DA:178,0
DA:179,0
DA:181,0
DA:182,0
DA:186,0
DA:188,0
DA:189,0
DA:190,0
DA:192,0
DA:193,0
DA:194,0
DA:195,0
DA:201,0
DA:203,0
DA:204,0
DA:207,0
DA:208,0
DA:209,0
DA:210,0
DA:211,0
DA:215,0
DA:216,0
DA:218,0
DA:220,0
DA:238,0
DA:239,0
DA:240,0
DA:243,0
DA:244,0
DA:247,0
DA:248,0
DA:249,0
LF:112
LH:20
end_of_record
TN:
SF:/home/jnorgard/thuja2/thuja/src/selection.adb
FN:100,103,selection__has_active_commands
FN:105,138,selection__process_key
FN:140,143,selection__reset
FN:145,148,selection__get_pending_buffer
FN:19,28,selection__find_exact_match
FN:31,49,selection__is_prefix_of_any
FN:51,54,selection__clear_buffer
FN:58,81,selection__validate_no_prefix_conflicts
FN:6,150,selection___elabb
FN:85,91,selection__activate_widget_commands
FN:93,98,selection__deactivate_widget_commands
FNDA:0,selection__has_active_commands
FNDA:0,selection__process_key
FNDA:0,selection__reset
FNDA:0,selection__get_pending_buffer
FNDA:0,selection__find_exact_match
FNDA:0,selection__is_prefix_of_any
FNDA:0,selection__clear_buffer
FNDA:0,selection__validate_no_prefix_conflicts
FNDA:1,selection___elabb
FNDA:0,selection__activate_widget_commands
FNDA:0,selection__deactivate_widget_commands
FNF:11
FNH:1
DA:6,1
DA:11,1
DA:15,1
DA:19,0
DA:22,0
DA:23,0
DA:24,0
DA:31,0
DA:32,0
DA:33,0
DA:35,0
DA:37,0
DA:38,0
DA:40,0
DA:41,0
DA:42,0
DA:46,0
DA:49,0
DA:51,0
DA:53,0
DA:54,0
DA:58,0
DA:59,0
DA:61,0
DA:62,0
DA:63,0
DA:65,0
DA:66,0
DA:68,0
DA:69,0
DA:71,0
DA:73,0
DA:75,0
DA:77,0
DA:81,0
DA:85,0
DA:87,0
DA:88,0
DA:89,0
DA:90,0
DA:91,0
DA:93,0
DA:95,0
DA:96,0
DA:97,0
DA:98,0
DA:100,0
DA:102,0
DA:105,0
DA:109,0
DA:111,0
DA:112,0
DA:115,0
DA:118,0
DA:119,0
DA:120,0
DA:121,0
DA:122,0
DA:123,0
DA:124,0
DA:125,0
DA:129,0
DA:130,0
DA:134,0
DA:135,0
DA:136,0
DA:137,0
DA:138,0
DA:140,0
DA:142,0
DA:143,0
DA:145,0
DA:147,0
DA:150,1
LF:74
LH:4
end_of_record
TN:
SF:/home/jnorgard/thuja2/thuja/src/system_stats.adb
FN:109,112,system_stats__get_memory_usage
FN:114,122,system_stats__get_memory_gb
FN:124,146,system_stats__get_memory_detailed
FN:148,155,system_stats__get_disk_usage
FN:157,169,system_stats__get_disk_space_gb
FN:171,177,system_stats__get_disk_io
FN:179,185,system_stats__get_network_io
FN:187,195,system_stats__get_uptime
FN:197,207,system_stats__get_load_average
FN:23,31,system_stats__get_platform
FN:232,286,system_stats__get_process_list
FN:288,293,system_stats__free_process_list
FN:295,300,system_stats__kill_process
FN:76,79,system_stats__get_cpu_count
FN:81,91,system_stats__get_cpu_usage
FN:93,107,system_stats__get_cpu_usage_average
FNDA:0,system_stats__get_memory_usage
FNDA:0,system_stats__get_memory_gb
FNDA:0,system_stats__get_memory_detailed
FNDA:0,system_stats__get_disk_usage
FNDA:0,system_stats__get_disk_space_gb
FNDA:0,system_stats__get_disk_io
FNDA:0,system_stats__get_network_io
FNDA:0,system_stats__get_uptime
FNDA:0,system_stats__get_load_average
FNDA:0,system_stats__get_platform
FNDA:0,system_stats__get_process_list
FNDA:0,system_stats__free_process_list
FNDA:0,system_stats__kill_process
FNDA:1,system_stats__get_cpu_count
FNDA:0,system_stats__get_cpu_usage
FNDA:1,system_stats__get_cpu_usage_average
FNF:16
FNH:2
DA:23,0
DA:24,0
DA:26,0
DA:28,0
DA:29,0
DA:76,1
DA:78,1
DA:81,0
DA:86,0
DA:87,0
DA:90,0
DA:91,0
DA:93,1
DA:99,1
DA:100,1
DA:103,16
DA:104,8
DA:106,1
DA:107,1
DA:109,0
DA:111,0
DA:114,0
DA:117,0
DA:119,0
DA:120,0
DA:121,0
DA:122,0
DA:124,0
DA:136,0
DA:138,0
DA:139,0
DA:140,0
DA:141,0
DA:142,0
DA:143,0
DA:144,0
DA:145,0
DA:146,0
DA:148,0
DA:149,0
DA:152,0
DA:153,0
DA:154,0
DA:157,0
DA:162,0
DA:165,0
DA:166,0
DA:167,0
DA:168,0
DA:169,0
DA:171,0
DA:174,0
DA:175,0
DA:176,0
DA:177,0
DA:179,0
DA:182,0
DA:183,0
DA:184,0
DA:185,0
DA:187,0
DA:188,0
DA:190,0
DA:193,0
DA:197,0
DA:199,0
DA:200,0
DA:202,0
DA:203,0
DA:205,0
DA:206,0
DA:207,0
DA:232,0
DA:233,0
DA:237,0
DA:239,0
DA:240,0
DA:243,0
DA:246,0
DA:256,0
DA:257,0
DA:258,0
DA:259,0
DA:260,0
DA:262,0
DA:263,0
DA:264,0
DA:266,0
DA:267,0
DA:270,0
DA:271,0
DA:272,0
DA:273,0
DA:274,0
DA:275,0
DA:278,0
DA:279,0
DA:280,0
DA:284,0
DA:285,0
DA:286,0
DA:288,0
DA:290,0
DA:291,0
DA:293,0
DA:295,0
DA:298,0
DA:299,0
LF:108
LH:9
end_of_record
TN:
SF:/home/jnorgard/thuja2/thuja/src/system_stats.ads
FN:8,106,system_stats___elabs
FNDA:1,system_stats___elabs
FNF:1
FNH:1
DA:8,1
DA:100,1
DA:106,1
LF:3
LH:3
end_of_record
